{"timeMillis":1520354665734,"thread":"main","level":"DEBUG","loggerName":"org.jboss.logging","message":"Logging Provider: org.jboss.logging.Log4j2LoggerProvider","endOfBatch":false,"loggerFqcn":"org.jboss.logging.Logger","threadId":1,"threadPriority":5}
{"timeMillis":1520354667896,"thread":"main","level":"INFO","loggerName":"com.imos.sample.database.repository.PersistenceRepository","message":"JPA Configuration is successfull","endOfBatch":false,"loggerFqcn":"org.apache.logging.log4j.spi.AbstractLogger","threadId":1,"threadPriority":5}
{"timeMillis":1520354667899,"thread":"main","level":"INFO","loggerName":"com.imos.sample.database.repository.PersistenceRepository","message":"JPA EnityManager Factory is opened","endOfBatch":false,"loggerFqcn":"org.apache.logging.log4j.spi.AbstractLogger","threadId":1,"threadPriority":5}
{"timeMillis":1520354667996,"thread":"main","level":"INFO","loggerName":"com.imos.sample.database.repository.PersistenceRepository","message":"JPA session is opened","endOfBatch":false,"loggerFqcn":"org.apache.logging.log4j.spi.AbstractLogger","threadId":1,"threadPriority":5}
{"timeMillis":1520354668215,"thread":"main","level":"INFO","loggerName":"com.imos.sample.database.repository.PersistenceRepository","message":"Database event JPA_QUERY is called","endOfBatch":false,"loggerFqcn":"org.apache.logging.log4j.spi.AbstractLogger","threadId":1,"threadPriority":5}
{"timeMillis":1520354668289,"thread":"main","level":"INFO","loggerName":"com.imos.sample.database.repository.PersistenceRepository","message":"Database event SAVE is called","endOfBatch":false,"loggerFqcn":"org.apache.logging.log4j.spi.AbstractLogger","threadId":1,"threadPriority":5}
{"timeMillis":1520354668292,"thread":"main","level":"INFO","loggerName":"com.imos.sample.database.repository.PersistenceRepository","message":"Entity 'Person' is saved to database","endOfBatch":false,"loggerFqcn":"org.apache.logging.log4j.spi.AbstractLogger","threadId":1,"threadPriority":5}
{"timeMillis":1520354668299,"thread":"main","level":"INFO","loggerName":"com.imos.sample.database.repository.PersistenceRepository","message":"Database event SAVE is called","endOfBatch":false,"loggerFqcn":"org.apache.logging.log4j.spi.AbstractLogger","threadId":1,"threadPriority":5}
{"timeMillis":1520354668300,"thread":"main","level":"INFO","loggerName":"com.imos.sample.database.repository.PersistenceRepository","message":"Entity 'Person' is saved to database","endOfBatch":false,"loggerFqcn":"org.apache.logging.log4j.spi.AbstractLogger","threadId":1,"threadPriority":5}
{"timeMillis":1520354668307,"thread":"main","level":"INFO","loggerName":"com.imos.sample.database.repository.PersistenceRepository","message":"Database event JPA_QUERY failed to called","endOfBatch":false,"loggerFqcn":"org.apache.logging.log4j.spi.AbstractLogger","threadId":1,"threadPriority":5}
{"timeMillis":1520354668337,"thread":"main","level":"INFO","loggerName":"com.imos.sample.database.repository.PersistenceRepository","message":"Database event SQL_NATIVE_QUERY is called","endOfBatch":false,"loggerFqcn":"org.apache.logging.log4j.spi.AbstractLogger","threadId":1,"threadPriority":5}
{"timeMillis":1520354668338,"thread":"main","level":"INFO","loggerName":"com.imos.sample.database.repository.PersistenceRepository","message":"JPA session is closed","endOfBatch":false,"loggerFqcn":"org.apache.logging.log4j.spi.AbstractLogger","threadId":1,"threadPriority":5}
{"timeMillis":1520354668340,"thread":"main","level":"INFO","loggerName":"com.imos.sample.database.repository.PersistenceRepository","message":"JPA session is opened","endOfBatch":false,"loggerFqcn":"org.apache.logging.log4j.spi.AbstractLogger","threadId":1,"threadPriority":5}
{"timeMillis":1520354668346,"thread":"main","level":"INFO","loggerName":"com.imos.sample.database.repository.PersistenceRepository","message":"Database event SAVE is called","endOfBatch":false,"loggerFqcn":"org.apache.logging.log4j.spi.AbstractLogger","threadId":1,"threadPriority":5}
{"timeMillis":1520354668346,"thread":"main","level":"INFO","loggerName":"com.imos.sample.database.repository.PersistenceRepository","message":"Entity 'Person' is saved to database","endOfBatch":false,"loggerFqcn":"org.apache.logging.log4j.spi.AbstractLogger","threadId":1,"threadPriority":5}
{"timeMillis":1520354668349,"thread":"main","level":"INFO","loggerName":"com.imos.sample.database.repository.PersistenceRepository","message":"Database event JPA_QUERY is called","endOfBatch":false,"loggerFqcn":"org.apache.logging.log4j.spi.AbstractLogger","threadId":1,"threadPriority":5}
{"timeMillis":1520354668360,"thread":"main","level":"INFO","loggerName":"com.imos.sample.database.repository.PersistenceRepository","message":"Database event JPA_QUERY is called","endOfBatch":false,"loggerFqcn":"org.apache.logging.log4j.spi.AbstractLogger","threadId":1,"threadPriority":5}
{"timeMillis":1520354668361,"thread":"main","level":"INFO","loggerName":"com.imos.sample.database.repository.PersistenceRepository","message":"Entity 'Person' is available in database","endOfBatch":false,"loggerFqcn":"org.apache.logging.log4j.spi.AbstractLogger","threadId":1,"threadPriority":5}
{"timeMillis":1520354668367,"thread":"main","level":"INFO","loggerName":"com.imos.sample.database.repository.PersistenceRepository","message":"Database event UPDATE is called","endOfBatch":false,"loggerFqcn":"org.apache.logging.log4j.spi.AbstractLogger","threadId":1,"threadPriority":5}
{"timeMillis":1520354668368,"thread":"main","level":"INFO","loggerName":"com.imos.sample.database.repository.PersistenceRepository","message":"Entity 'Person' is updated to database","endOfBatch":false,"loggerFqcn":"org.apache.logging.log4j.spi.AbstractLogger","threadId":1,"threadPriority":5}
{"timeMillis":1520354668370,"thread":"main","level":"INFO","loggerName":"com.imos.sample.database.repository.PersistenceRepository","message":"Database event JPA_QUERY is called","endOfBatch":false,"loggerFqcn":"org.apache.logging.log4j.spi.AbstractLogger","threadId":1,"threadPriority":5}
{"timeMillis":1520354668374,"thread":"main","level":"INFO","loggerName":"com.imos.sample.database.repository.PersistenceRepository","message":"Database event SQL_NATIVE_QUERY is called","endOfBatch":false,"loggerFqcn":"org.apache.logging.log4j.spi.AbstractLogger","threadId":1,"threadPriority":5}
{"timeMillis":1520354668375,"thread":"main","level":"INFO","loggerName":"com.imos.sample.database.repository.PersistenceRepository","message":"JPA session is closed","endOfBatch":false,"loggerFqcn":"org.apache.logging.log4j.spi.AbstractLogger","threadId":1,"threadPriority":5}
{"timeMillis":1520354668376,"thread":"main","level":"INFO","loggerName":"com.imos.sample.database.repository.PersistenceRepository","message":"JPA session is opened","endOfBatch":false,"loggerFqcn":"org.apache.logging.log4j.spi.AbstractLogger","threadId":1,"threadPriority":5}
{"timeMillis":1520354668378,"thread":"main","level":"INFO","loggerName":"com.imos.sample.database.repository.PersistenceRepository","message":"Database event JPA_QUERY is called","endOfBatch":false,"loggerFqcn":"org.apache.logging.log4j.spi.AbstractLogger","threadId":1,"threadPriority":5}
{"timeMillis":1520354668382,"thread":"main","level":"INFO","loggerName":"com.imos.sample.database.repository.PersistenceRepository","message":"Database event SAVE is called","endOfBatch":false,"loggerFqcn":"org.apache.logging.log4j.spi.AbstractLogger","threadId":1,"threadPriority":5}
{"timeMillis":1520354668383,"thread":"main","level":"INFO","loggerName":"com.imos.sample.database.repository.PersistenceRepository","message":"Entity 'Person' is saved to database","endOfBatch":false,"loggerFqcn":"org.apache.logging.log4j.spi.AbstractLogger","threadId":1,"threadPriority":5}
{"timeMillis":1520354668385,"thread":"main","level":"INFO","loggerName":"com.imos.sample.database.repository.PersistenceRepository","message":"Database event JPA_QUERY is called","endOfBatch":false,"loggerFqcn":"org.apache.logging.log4j.spi.AbstractLogger","threadId":1,"threadPriority":5}
{"timeMillis":1520354668387,"thread":"main","level":"INFO","loggerName":"com.imos.sample.database.repository.PersistenceRepository","message":"Database event JPA_QUERY is called","endOfBatch":false,"loggerFqcn":"org.apache.logging.log4j.spi.AbstractLogger","threadId":1,"threadPriority":5}
{"timeMillis":1520354668388,"thread":"main","level":"INFO","loggerName":"com.imos.sample.database.repository.PersistenceRepository","message":"Entity 'Person' is available in database","endOfBatch":false,"loggerFqcn":"org.apache.logging.log4j.spi.AbstractLogger","threadId":1,"threadPriority":5}
{"timeMillis":1520354668396,"thread":"main","level":"INFO","loggerName":"com.imos.sample.database.repository.PersistenceRepository","message":"Database event DELETE is called","endOfBatch":false,"loggerFqcn":"org.apache.logging.log4j.spi.AbstractLogger","threadId":1,"threadPriority":5}
{"timeMillis":1520354668398,"thread":"main","level":"INFO","loggerName":"com.imos.sample.database.repository.PersistenceRepository","message":"Entity 'Person' is deleted from database","endOfBatch":false,"loggerFqcn":"org.apache.logging.log4j.spi.AbstractLogger","threadId":1,"threadPriority":5}
{"timeMillis":1520354668401,"thread":"main","level":"INFO","loggerName":"com.imos.sample.database.repository.PersistenceRepository","message":"Database event JPA_QUERY is called","endOfBatch":false,"loggerFqcn":"org.apache.logging.log4j.spi.AbstractLogger","threadId":1,"threadPriority":5}
{"timeMillis":1520354668403,"thread":"main","level":"INFO","loggerName":"com.imos.sample.database.repository.PersistenceRepository","message":"Database event SQL_NATIVE_QUERY is called","endOfBatch":false,"loggerFqcn":"org.apache.logging.log4j.spi.AbstractLogger","threadId":1,"threadPriority":5}
{"timeMillis":1520354668403,"thread":"main","level":"INFO","loggerName":"com.imos.sample.database.repository.PersistenceRepository","message":"JPA session is closed","endOfBatch":false,"loggerFqcn":"org.apache.logging.log4j.spi.AbstractLogger","threadId":1,"threadPriority":5}
{"timeMillis":1520354668406,"thread":"main","level":"INFO","loggerName":"com.imos.sample.database.repository.PersistenceRepository","message":"JPA session is opened","endOfBatch":false,"loggerFqcn":"org.apache.logging.log4j.spi.AbstractLogger","threadId":1,"threadPriority":5}
{"timeMillis":1520354668412,"thread":"main","level":"INFO","loggerName":"com.imos.sample.database.repository.PersistenceRepository","message":"Database event SAVE is called","endOfBatch":false,"loggerFqcn":"org.apache.logging.log4j.spi.AbstractLogger","threadId":1,"threadPriority":5}
{"timeMillis":1520354668413,"thread":"main","level":"INFO","loggerName":"com.imos.sample.database.repository.PersistenceRepository","message":"Entity 'Person' is saved to database","endOfBatch":false,"loggerFqcn":"org.apache.logging.log4j.spi.AbstractLogger","threadId":1,"threadPriority":5}
{"timeMillis":1520354668417,"thread":"main","level":"INFO","loggerName":"com.imos.sample.database.repository.PersistenceRepository","message":"Database event JPA_QUERY is called","endOfBatch":false,"loggerFqcn":"org.apache.logging.log4j.spi.AbstractLogger","threadId":1,"threadPriority":5}
{"timeMillis":1520354668422,"thread":"main","level":"INFO","loggerName":"com.imos.sample.database.repository.PersistenceRepository","message":"Database event SQL_NATIVE_QUERY is called","endOfBatch":false,"loggerFqcn":"org.apache.logging.log4j.spi.AbstractLogger","threadId":1,"threadPriority":5}
{"timeMillis":1520354668424,"thread":"main","level":"INFO","loggerName":"com.imos.sample.database.repository.PersistenceRepository","message":"JPA session is closed","endOfBatch":false,"loggerFqcn":"org.apache.logging.log4j.spi.AbstractLogger","threadId":1,"threadPriority":5}
{"timeMillis":1520354668426,"thread":"main","level":"INFO","loggerName":"com.imos.sample.database.repository.PersistenceRepository","message":"JPA session is opened","endOfBatch":false,"loggerFqcn":"org.apache.logging.log4j.spi.AbstractLogger","threadId":1,"threadPriority":5}
{"timeMillis":1520354668441,"thread":"main","level":"INFO","loggerName":"com.imos.sample.database.repository.PersistenceRepository","message":"Database event JPA_QUERY is called","endOfBatch":false,"loggerFqcn":"org.apache.logging.log4j.spi.AbstractLogger","threadId":1,"threadPriority":5}
{"timeMillis":1520354668442,"thread":"main","level":"INFO","loggerName":"com.imos.sample.database.repository.PersistenceRepository","message":"Entity 'Person' is not available in database","endOfBatch":false,"loggerFqcn":"org.apache.logging.log4j.spi.AbstractLogger","threadId":1,"threadPriority":5}
{"timeMillis":1520354668444,"thread":"main","level":"INFO","loggerName":"com.imos.sample.database.repository.PersistenceRepository","message":"Database event SQL_NATIVE_QUERY is called","endOfBatch":false,"loggerFqcn":"org.apache.logging.log4j.spi.AbstractLogger","threadId":1,"threadPriority":5}
{"timeMillis":1520354668446,"thread":"main","level":"INFO","loggerName":"com.imos.sample.database.repository.PersistenceRepository","message":"JPA session is closed","endOfBatch":false,"loggerFqcn":"org.apache.logging.log4j.spi.AbstractLogger","threadId":1,"threadPriority":5}
{"timeMillis":1520354668449,"thread":"main","level":"INFO","loggerName":"com.imos.sample.database.repository.PersistenceRepository","message":"JPA session is opened","endOfBatch":false,"loggerFqcn":"org.apache.logging.log4j.spi.AbstractLogger","threadId":1,"threadPriority":5}
{"timeMillis":1520354668452,"thread":"main","level":"INFO","loggerName":"com.imos.sample.database.repository.PersistenceRepository","message":"Database event JPA_QUERY is called","endOfBatch":false,"loggerFqcn":"org.apache.logging.log4j.spi.AbstractLogger","threadId":1,"threadPriority":5}
{"timeMillis":1520354668457,"thread":"main","level":"INFO","loggerName":"com.imos.sample.database.repository.PersistenceRepository","message":"Database event SAVE is called","endOfBatch":false,"loggerFqcn":"org.apache.logging.log4j.spi.AbstractLogger","threadId":1,"threadPriority":5}
{"timeMillis":1520354668458,"thread":"main","level":"INFO","loggerName":"com.imos.sample.database.repository.PersistenceRepository","message":"Entity 'Person' is saved to database","endOfBatch":false,"loggerFqcn":"org.apache.logging.log4j.spi.AbstractLogger","threadId":1,"threadPriority":5}
{"timeMillis":1520354668461,"thread":"main","level":"INFO","loggerName":"com.imos.sample.database.repository.PersistenceRepository","message":"Database event JPA_QUERY is called","endOfBatch":false,"loggerFqcn":"org.apache.logging.log4j.spi.AbstractLogger","threadId":1,"threadPriority":5}
{"timeMillis":1520354668465,"thread":"main","level":"INFO","loggerName":"com.imos.sample.database.repository.PersistenceRepository","message":"Database event SQL_NATIVE_QUERY is called","endOfBatch":false,"loggerFqcn":"org.apache.logging.log4j.spi.AbstractLogger","threadId":1,"threadPriority":5}
{"timeMillis":1520354668467,"thread":"main","level":"INFO","loggerName":"com.imos.sample.database.repository.PersistenceRepository","message":"JPA session is closed","endOfBatch":false,"loggerFqcn":"org.apache.logging.log4j.spi.AbstractLogger","threadId":1,"threadPriority":5}
{"timeMillis":1520354668470,"thread":"main","level":"INFO","loggerName":"com.imos.sample.database.repository.PersistenceRepository","message":"JPA session is opened","endOfBatch":false,"loggerFqcn":"org.apache.logging.log4j.spi.AbstractLogger","threadId":1,"threadPriority":5}
{"timeMillis":1520354668473,"thread":"main","level":"INFO","loggerName":"com.imos.sample.database.repository.PersistenceRepository","message":"Database event JPA_QUERY is called","endOfBatch":false,"loggerFqcn":"org.apache.logging.log4j.spi.AbstractLogger","threadId":1,"threadPriority":5}
{"timeMillis":1520354668474,"thread":"main","level":"INFO","loggerName":"com.imos.sample.database.repository.PersistenceRepository","message":"Entity 'Person' is not available in database","endOfBatch":false,"loggerFqcn":"org.apache.logging.log4j.spi.AbstractLogger","threadId":1,"threadPriority":5}
{"timeMillis":1520354668476,"thread":"main","level":"INFO","loggerName":"com.imos.sample.database.repository.PersistenceRepository","message":"Database event SQL_NATIVE_QUERY is called","endOfBatch":false,"loggerFqcn":"org.apache.logging.log4j.spi.AbstractLogger","threadId":1,"threadPriority":5}
{"timeMillis":1520354668477,"thread":"main","level":"INFO","loggerName":"com.imos.sample.database.repository.PersistenceRepository","message":"JPA session is closed","endOfBatch":false,"loggerFqcn":"org.apache.logging.log4j.spi.AbstractLogger","threadId":1,"threadPriority":5}
{"timeMillis":1520354668491,"thread":"main","level":"INFO","loggerName":"com.imos.sample.database.repository.PersistenceRepository","message":"JPA EnityManager Factory is closed","endOfBatch":false,"loggerFqcn":"org.apache.logging.log4j.spi.AbstractLogger","threadId":1,"threadPriority":5}
{"timeMillis":1520354668603,"thread":"main","level":"INFO","loggerName":"com.imos.sample.database.repository.PersistenceRepository","message":"JPA Configuration is successfull","endOfBatch":false,"loggerFqcn":"org.apache.logging.log4j.spi.AbstractLogger","threadId":1,"threadPriority":5}
{"timeMillis":1520354668604,"thread":"main","level":"INFO","loggerName":"com.imos.sample.database.repository.PersistenceRepository","message":"JPA EnityManager Factory is opened","endOfBatch":false,"loggerFqcn":"org.apache.logging.log4j.spi.AbstractLogger","threadId":1,"threadPriority":5}
{"timeMillis":1520354668604,"thread":"main","level":"INFO","loggerName":"com.imos.sample.database.repository.PersistenceRepository","message":"JPA session is not configured","endOfBatch":false,"loggerFqcn":"org.apache.logging.log4j.spi.AbstractLogger","threadId":1,"threadPriority":5}
{"timeMillis":1520354668722,"thread":"main","level":"INFO","loggerName":"com.imos.sample.database.repository.PersistenceRepository","message":"JPA Configuration is successfull","endOfBatch":false,"loggerFqcn":"org.apache.logging.log4j.spi.AbstractLogger","threadId":1,"threadPriority":5}
{"timeMillis":1520354668723,"thread":"main","level":"INFO","loggerName":"com.imos.sample.database.repository.PersistenceRepository","message":"JPA EnityManager Factory is opened","endOfBatch":false,"loggerFqcn":"org.apache.logging.log4j.spi.AbstractLogger","threadId":1,"threadPriority":5}
{"timeMillis":1520354668724,"thread":"main","level":"INFO","loggerName":"com.imos.sample.database.repository.PersistenceRepository","message":"JPA session is opened","endOfBatch":false,"loggerFqcn":"org.apache.logging.log4j.spi.AbstractLogger","threadId":1,"threadPriority":5}
{"timeMillis":1520354668724,"thread":"main","level":"INFO","loggerName":"com.imos.sample.database.repository.PersistenceRepository","message":"JPA session is closed","endOfBatch":false,"loggerFqcn":"org.apache.logging.log4j.spi.AbstractLogger","threadId":1,"threadPriority":5}
{"timeMillis":1520354668725,"thread":"main","level":"INFO","loggerName":"com.imos.sample.database.repository.PersistenceRepository","message":"JPA session is already closed","endOfBatch":false,"loggerFqcn":"org.apache.logging.log4j.spi.AbstractLogger","threadId":1,"threadPriority":5}
{"timeMillis":1520354668851,"thread":"main","level":"INFO","loggerName":"com.imos.sample.database.repository.PersistenceRepository","message":"JPA Configuration is successfull","endOfBatch":false,"loggerFqcn":"org.apache.logging.log4j.spi.AbstractLogger","threadId":1,"threadPriority":5}
{"timeMillis":1520354668852,"thread":"main","level":"INFO","loggerName":"com.imos.sample.database.repository.PersistenceRepository","message":"JPA EnityManager Factory is opened","endOfBatch":false,"loggerFqcn":"org.apache.logging.log4j.spi.AbstractLogger","threadId":1,"threadPriority":5}
{"timeMillis":1520354668853,"thread":"main","level":"INFO","loggerName":"com.imos.sample.database.repository.PersistenceRepository","message":"JPA session is opened","endOfBatch":false,"loggerFqcn":"org.apache.logging.log4j.spi.AbstractLogger","threadId":1,"threadPriority":5}
{"timeMillis":1520354668854,"thread":"main","level":"INFO","loggerName":"com.imos.sample.database.repository.PersistenceRepository","message":"JPA is not configured","endOfBatch":false,"loggerFqcn":"org.apache.logging.log4j.spi.AbstractLogger","threadId":1,"threadPriority":5}
{"timeMillis":1520354668944,"thread":"main","level":"INFO","loggerName":"com.imos.sample.database.repository.PersistenceRepository","message":"JPA Configuration is successfull","endOfBatch":false,"loggerFqcn":"org.apache.logging.log4j.spi.AbstractLogger","threadId":1,"threadPriority":5}
{"timeMillis":1520354668946,"thread":"main","level":"INFO","loggerName":"com.imos.sample.database.repository.PersistenceRepository","message":"JPA EnityManager Factory is opened","endOfBatch":false,"loggerFqcn":"org.apache.logging.log4j.spi.AbstractLogger","threadId":1,"threadPriority":5}
{"timeMillis":1520354668948,"thread":"main","level":"INFO","loggerName":"com.imos.sample.database.repository.PersistenceRepository","message":"JPA session is opened","endOfBatch":false,"loggerFqcn":"org.apache.logging.log4j.spi.AbstractLogger","threadId":1,"threadPriority":5}
{"timeMillis":1520354668954,"thread":"main","level":"INFO","loggerName":"com.imos.sample.database.repository.PersistenceRepository","message":"JPA EnityManager Factory is closed","endOfBatch":false,"loggerFqcn":"org.apache.logging.log4j.spi.AbstractLogger","threadId":1,"threadPriority":5}
{"timeMillis":1520354668956,"thread":"main","level":"INFO","loggerName":"com.imos.sample.database.repository.PersistenceRepository","message":"JPA EnityManager Factory was not opened","endOfBatch":false,"loggerFqcn":"org.apache.logging.log4j.spi.AbstractLogger","threadId":1,"threadPriority":5}
